<?xml version="1.0" encoding="UTF-8"?>
<!-- Generated by org.testng.reporters.JUnitReportReporter -->
<testsuite skipped="0" hostname="localhost.localdomain" name="purchaseTest" tests="2" failures="0" timestamp="07 Feb 2018 07:57:35 GMT" time="21.390" errors="0">
  <testcase name="signIn" time="18.100" classname="purchaseTest"/>
  <testcase name="signOut" time="3.290" classname="purchaseTest"/>
</testsuite> <!-- purchaseTest -->
